0 info it worked if it ends with ok
1 verbose cli [ '/Users/elena_nadolinski/.nvm/versions/node/v6.10.0/bin/node',
1 verbose cli   '/Users/elena_nadolinski/.nvm/versions/node/v6.10.0/bin/npm',
1 verbose cli   'start' ]
2 info using npm@3.10.10
3 info using node@v6.10.0
4 verbose run-script [ 'prestart', 'start', 'poststart' ]
5 info lifecycle pet-shop@1.0.0~prestart: pet-shop@1.0.0
6 silly lifecycle pet-shop@1.0.0~prestart: no script for prestart, continuing
7 info lifecycle pet-shop@1.0.0~start: pet-shop@1.0.0
8 verbose lifecycle pet-shop@1.0.0~start: unsafe-perm in lifecycle true
9 verbose lifecycle pet-shop@1.0.0~start: PATH: /Users/elena_nadolinski/.nvm/versions/node/v6.10.0/lib/node_modules/npm/bin/node-gyp-bin:/Users/elena_nadolinski/Documents/Code/hackathon/ipfs_video_streaming/node_modules/.bin:/Users/elena_nadolinski/.rvm/gems/ruby-2.2.4/bin:/Users/elena_nadolinski/.rvm/gems/ruby-2.2.4@global/bin:/Users/elena_nadolinski/.rvm/rubies/ruby-2.2.4/bin:/Users/elena_nadolinski/airlab/runtime_gems/tools/bin:/Users/elena_nadolinski/.nvm/versions/node/v6.10.0/bin:/Library/Java/JavaVirtualMachines/jdk1.8.0_121.jdk/Contents/Home/bin:/Users/elena_nadolinski/.cargo/bin:/usr/local/bin:/usr/bin:/bin:/usr/sbin:/sbin:/opt/X11/bin:/opt/airbnb/bin:/usr/local/munki:/usr/local/osquery/bin:/opt/puppetlabs/bin:/Users/elena_nadolinski/Documents/Code/sysops/optica_tools:/Users/elena_nadolinski/.rvm/bin:/Users/elena_nadolinski/Documents/Code/sysops/optica_tools:/Users/elena_nadolinski/Documents/Code/sysops/ec2_tools:/Users/elena_nadolinski/.rvm/bin
10 verbose lifecycle pet-shop@1.0.0~start: CWD: /Users/elena_nadolinski/Documents/Code/hackathon/ipfs_video_streaming
11 silly lifecycle pet-shop@1.0.0~start: Args: [ '-c', 'node your-script.js' ]
12 silly lifecycle pet-shop@1.0.0~start: Returned: code: 1  signal: null
13 info lifecycle pet-shop@1.0.0~start: Failed to exec start script
14 verbose stack Error: pet-shop@1.0.0 start: `node your-script.js`
14 verbose stack Exit status 1
14 verbose stack     at EventEmitter.<anonymous> (/Users/elena_nadolinski/.nvm/versions/node/v6.10.0/lib/node_modules/npm/lib/utils/lifecycle.js:255:16)
14 verbose stack     at emitTwo (events.js:106:13)
14 verbose stack     at EventEmitter.emit (events.js:191:7)
14 verbose stack     at ChildProcess.<anonymous> (/Users/elena_nadolinski/.nvm/versions/node/v6.10.0/lib/node_modules/npm/lib/utils/spawn.js:40:14)
14 verbose stack     at emitTwo (events.js:106:13)
14 verbose stack     at ChildProcess.emit (events.js:191:7)
14 verbose stack     at maybeClose (internal/child_process.js:877:16)
14 verbose stack     at Process.ChildProcess._handle.onexit (internal/child_process.js:226:5)
15 verbose pkgid pet-shop@1.0.0
16 verbose cwd /Users/elena_nadolinski/Documents/Code/hackathon/ipfs_video_streaming
17 error Darwin 16.7.0
18 error argv "/Users/elena_nadolinski/.nvm/versions/node/v6.10.0/bin/node" "/Users/elena_nadolinski/.nvm/versions/node/v6.10.0/bin/npm" "start"
19 error node v6.10.0
20 error npm  v3.10.10
21 error code ELIFECYCLE
22 error pet-shop@1.0.0 start: `node your-script.js`
22 error Exit status 1
23 error Failed at the pet-shop@1.0.0 start script 'node your-script.js'.
23 error Make sure you have the latest version of node.js and npm installed.
23 error If you do, this is most likely a problem with the pet-shop package,
23 error not with npm itself.
23 error Tell the author that this fails on your system:
23 error     node your-script.js
23 error You can get information on how to open an issue for this project with:
23 error     npm bugs pet-shop
23 error Or if that isn't available, you can get their info via:
23 error     npm owner ls pet-shop
23 error There is likely additional logging output above.
24 verbose exit [ 1, true ]
